==== CONTACTO 2025-11-30 18:48:58 ====
Date: Sun, 30 Nov 2025 18:48:58 +0000
From: NovaCiencia <andypadrino23@gmail.com>
Message-ID: <RAIQZnQpeqifo0kwMnRA09AMGA81yiBPqEHl4tM@127.0.0.1>
X-Mailer: PHPMailer 7.0.1 (https://github.com/PHPMailer/PHPMailer)
MIME-Version: 1.0
Content-Type: multipart/alternative;
 boundary="b1=_RAIQZnQpeqifo0kwMnRA09AMGA81yiBPqEHl4tM"
Content-Transfer-Encoding: 8bit
To: Contacto NovaCiencia <andypadrino23@gmail.com>
Subject: Test Mailer

--b1=_RAIQZnQpeqifo0kwMnRA09AMGA81yiBPqEHl4tM
Content-Type: text/plain; charset=us-ascii

Nuevo mensaje
Nombre: Prueba Local
Correo: andypadrino23@gmail.com
Asunto: Test Mailer
Mensaje: Hola desde Trae

--b1=_RAIQZnQpeqifo0kwMnRA09AMGA81yiBPqEHl4tM
Content-Type: text/html; charset=us-ascii

<h2>Nuevo mensaje de contacto</h2><p><b>Nombre:</b> Prueba Local</p><p><b>Correo:</b> andypadrino23@gmail.com</p><p><b>Asunto:</b> Test Mailer</p><p><b>Mensaje:</b><br>Hola desde Trae</p>


--b1=_RAIQZnQpeqifo0kwMnRA09AMGA81yiBPqEHl4tM--


==== CONTACTO 2025-11-30 18:49:22 ====
Date: Sun, 30 Nov 2025 18:49:22 +0000
From: NovaCiencia <andypadrino23@gmail.com>
Message-ID: <O4zQCgQ8lNdBaveMNV1nqgrqkQCVIgHJlZDMirvs0@127.0.0.1>
X-Mailer: PHPMailer 7.0.1 (https://github.com/PHPMailer/PHPMailer)
MIME-Version: 1.0
Content-Type: multipart/alternative;
 boundary="b1=_O4zQCgQ8lNdBaveMNV1nqgrqkQCVIgHJlZDMirvs0"
Content-Transfer-Encoding: 8bit
To: Contacto NovaCiencia <andypadrino23@gmail.com>
Subject: Prueba

--b1=_O4zQCgQ8lNdBaveMNV1nqgrqkQCVIgHJlZDMirvs0
Content-Type: text/plain; charset=us-ascii

Nuevo mensaje
Nombre: andres
Correo: andypadrino23@gmail.com
Asunto: Prueba
Mensaje: sadaaaaaaaaaaaaaaaaaaaaaaaaaaaaa

--b1=_O4zQCgQ8lNdBaveMNV1nqgrqkQCVIgHJlZDMirvs0
Content-Type: text/html; charset=us-ascii

<h2>Nuevo mensaje de contacto</h2><p><b>Nombre:</b> andres</p><p><b>Correo:</b> andypadrino23@gmail.com</p><p><b>Asunto:</b> Prueba</p><p><b>Mensaje:</b><br>sadaaaaaaaaaaaaaaaaaaaaaaaaaaaaa</p>


--b1=_O4zQCgQ8lNdBaveMNV1nqgrqkQCVIgHJlZDMirvs0--


==== CONTACTO 2025-11-30 18:49:54 ====
Date: Sun, 30 Nov 2025 18:49:54 +0000
From: NovaCiencia <andypadrino23@gmail.com>
Message-ID: <WXXbCjI2YzdfowtVvEzGTbxWJAfCY6ov5xgwFbtP49E@127.0.0.1>
X-Mailer: PHPMailer 7.0.1 (https://github.com/PHPMailer/PHPMailer)
MIME-Version: 1.0
Content-Type: multipart/alternative;
 boundary="b1=_WXXbCjI2YzdfowtVvEzGTbxWJAfCY6ov5xgwFbtP49E"
Content-Transfer-Encoding: 8bit
To: Contacto NovaCiencia <andypadrino23@gmail.com>
Subject: Prueba

--b1=_WXXbCjI2YzdfowtVvEzGTbxWJAfCY6ov5xgwFbtP49E
Content-Type: text/plain; charset=us-ascii

Nuevo mensaje
Nombre: Andres Padrino
Correo: andypadrino23@gmail.com
Asunto: Prueba
Mensaje: adsssssssssssssss dawsd das

--b1=_WXXbCjI2YzdfowtVvEzGTbxWJAfCY6ov5xgwFbtP49E
Content-Type: text/html; charset=us-ascii

<h2>Nuevo mensaje de contacto</h2><p><b>Nombre:</b> Andres Padrino</p><p><b>Correo:</b> andypadrino23@gmail.com</p><p><b>Asunto:</b> Prueba</p><p><b>Mensaje:</b><br>adsssssssssssssss dawsd das</p>


--b1=_WXXbCjI2YzdfowtVvEzGTbxWJAfCY6ov5xgwFbtP49E--


==== CONTACTO 2025-11-30 18:53:47 ====
Date: Sun, 30 Nov 2025 18:53:47 +0000
From: NovaCiencia <andypadrino23@gmail.com>
Message-ID: <2vqcZO8uq3IZ3fZpzScVKfpTvLIMJPdDJGOzvyPHW8@127.0.0.1>
X-Mailer: PHPMailer 7.0.1 (https://github.com/PHPMailer/PHPMailer)
MIME-Version: 1.0
Content-Type: multipart/alternative;
 boundary="b1=_2vqcZO8uq3IZ3fZpzScVKfpTvLIMJPdDJGOzvyPHW8"
Content-Transfer-Encoding: 8bit
To: Contacto NovaCiencia <andypadrino23@gmail.com>
Subject: Test Mailer

--b1=_2vqcZO8uq3IZ3fZpzScVKfpTvLIMJPdDJGOzvyPHW8
Content-Type: text/plain; charset=us-ascii

Nuevo mensaje
Nombre: Prueba Local
Correo: andypadrino23@gmail.com
Asunto: Test Mailer
Mensaje: Hola desde Trae

--b1=_2vqcZO8uq3IZ3fZpzScVKfpTvLIMJPdDJGOzvyPHW8
Content-Type: text/html; charset=us-ascii

<h2>Nuevo mensaje de contacto</h2><p><b>Nombre:</b> Prueba Local</p><p><b>Correo:</b> andypadrino23@gmail.com</p><p><b>Asunto:</b> Test Mailer</p><p><b>Mensaje:</b><br>Hola desde Trae</p>


--b1=_2vqcZO8uq3IZ3fZpzScVKfpTvLIMJPdDJGOzvyPHW8--


==== CONTACTO 2025-11-30 18:53:54 ====
Date: Sun, 30 Nov 2025 18:53:54 +0000
From: NovaCiencia <andypadrino23@gmail.com>
Message-ID: <f0QV5Oj47cH68vpld4d554R8M7xQCPgqAk0MOdUqw@127.0.0.1>
X-Mailer: PHPMailer 7.0.1 (https://github.com/PHPMailer/PHPMailer)
MIME-Version: 1.0
Content-Type: multipart/alternative;
 boundary="b1=_f0QV5Oj47cH68vpld4d554R8M7xQCPgqAk0MOdUqw"
Content-Transfer-Encoding: 8bit
To: Contacto NovaCiencia <andypadrino23@gmail.com>
Subject: Test Mailer

--b1=_f0QV5Oj47cH68vpld4d554R8M7xQCPgqAk0MOdUqw
Content-Type: text/plain; charset=us-ascii

Nuevo mensaje
Nombre: Prueba Local
Correo: andypadrino23@gmail.com
Asunto: Test Mailer
Mensaje: Hola desde Trae

--b1=_f0QV5Oj47cH68vpld4d554R8M7xQCPgqAk0MOdUqw
Content-Type: text/html; charset=us-ascii

<h2>Nuevo mensaje de contacto</h2><p><b>Nombre:</b> Prueba Local</p><p><b>Correo:</b> andypadrino23@gmail.com</p><p><b>Asunto:</b> Test Mailer</p><p><b>Mensaje:</b><br>Hola desde Trae</p>


--b1=_f0QV5Oj47cH68vpld4d554R8M7xQCPgqAk0MOdUqw--


==== CONTACTO 2025-11-30 18:54:50 ====
Date: Sun, 30 Nov 2025 18:54:50 +0000
From: NovaCiencia <andypadrino23@gmail.com>
Message-ID: <dPL7bh5JTrQWqh6rfhGAhsyLAj6sHFCLOltK3wjXeE@127.0.0.1>
X-Mailer: PHPMailer 7.0.1 (https://github.com/PHPMailer/PHPMailer)
MIME-Version: 1.0
Content-Type: multipart/alternative;
 boundary="b1=_dPL7bh5JTrQWqh6rfhGAhsyLAj6sHFCLOltK3wjXeE"
Content-Transfer-Encoding: 8bit
To: Contacto NovaCiencia <andypadrino23@gmail.com>
Subject: Prueba

--b1=_dPL7bh5JTrQWqh6rfhGAhsyLAj6sHFCLOltK3wjXeE
Content-Type: text/plain; charset=us-ascii

Nuevo mensaje
Nombre: andres
Correo: andypadrino23@gmail.com
Asunto: Prueba
Mensaje: Hola buenos dias como estan

--b1=_dPL7bh5JTrQWqh6rfhGAhsyLAj6sHFCLOltK3wjXeE
Content-Type: text/html; charset=us-ascii

<h2>Nuevo mensaje de contacto</h2><p><b>Nombre:</b> andres</p><p><b>Correo:</b> andypadrino23@gmail.com</p><p><b>Asunto:</b> Prueba</p><p><b>Mensaje:</b><br>Hola buenos dias como estan</p>


--b1=_dPL7bh5JTrQWqh6rfhGAhsyLAj6sHFCLOltK3wjXeE--


==== CONTACTO 2025-11-30 18:55:05 ====
Date: Sun, 30 Nov 2025 18:55:05 +0000
From: NovaCiencia <andypadrino23@gmail.com>
Message-ID: <EXon0GvZnPzprHTvmduY9yo0QInTu1LGedQetyrO1qU@127.0.0.1>
X-Mailer: PHPMailer 7.0.1 (https://github.com/PHPMailer/PHPMailer)
MIME-Version: 1.0
Content-Type: multipart/alternative;
 boundary="b1=_EXon0GvZnPzprHTvmduY9yo0QInTu1LGedQetyrO1qU"
Content-Transfer-Encoding: 8bit
To: Contacto NovaCiencia <andypadrino23@gmail.com>
Subject: Prueba

--b1=_EXon0GvZnPzprHTvmduY9yo0QInTu1LGedQetyrO1qU
Content-Type: text/plain; charset=us-ascii

Nuevo mensaje
Nombre: andres
Correo: andypadrino23@gmail.com
Asunto: Prueba
Mensaje: xzcxzcxzccccccccccccccc

--b1=_EXon0GvZnPzprHTvmduY9yo0QInTu1LGedQetyrO1qU
Content-Type: text/html; charset=us-ascii

<h2>Nuevo mensaje de contacto</h2><p><b>Nombre:</b> andres</p><p><b>Correo:</b> andypadrino23@gmail.com</p><p><b>Asunto:</b> Prueba</p><p><b>Mensaje:</b><br>xzcxzcxzccccccccccccccc</p>


--b1=_EXon0GvZnPzprHTvmduY9yo0QInTu1LGedQetyrO1qU--


==== CONTACTO 2025-11-30 18:55:24 ====
Date: Sun, 30 Nov 2025 18:55:24 +0000
From: NovaCiencia <andypadrino23@gmail.com>
Message-ID: <Xcn2hU1fV0gW4TQnkmWv3XsAnNEXboe3iarxC3ze0HU@127.0.0.1>
X-Mailer: PHPMailer 7.0.1 (https://github.com/PHPMailer/PHPMailer)
MIME-Version: 1.0
Content-Type: multipart/alternative;
 boundary="b1=_Xcn2hU1fV0gW4TQnkmWv3XsAnNEXboe3iarxC3ze0HU"
Content-Transfer-Encoding: 8bit
To: Contacto NovaCiencia <andypadrino23@gmail.com>
Subject: Prueba

--b1=_Xcn2hU1fV0gW4TQnkmWv3XsAnNEXboe3iarxC3ze0HU
Content-Type: text/plain; charset=us-ascii

Nuevo mensaje
Nombre: Andres Padrino
Correo: andypadrino23@gmail.com
Asunto: Prueba
Mensaje: xzczczczczczczczczczczczczczczc

--b1=_Xcn2hU1fV0gW4TQnkmWv3XsAnNEXboe3iarxC3ze0HU
Content-Type: text/html; charset=us-ascii

<h2>Nuevo mensaje de contacto</h2><p><b>Nombre:</b> Andres Padrino</p><p><b>Correo:</b> andypadrino23@gmail.com</p><p><b>Asunto:</b> Prueba</p><p><b>Mensaje:</b><br>xzczczczczczczczczczczczczczczc</p>


--b1=_Xcn2hU1fV0gW4TQnkmWv3XsAnNEXboe3iarxC3ze0HU--


==== CONTACTO 2025-11-30 19:03:16 ====
Date: Sun, 30 Nov 2025 19:03:16 +0000
From: NovaCiencia <andypadrino23@gmail.com>
Message-ID: <FAzB0bArjieJGlkf4xy5HEFNoPwtOUbfOrW5nJnQT7M@127.0.0.1>
X-Mailer: PHPMailer 7.0.1 (https://github.com/PHPMailer/PHPMailer)
MIME-Version: 1.0
Content-Type: multipart/alternative;
 boundary="b1=_FAzB0bArjieJGlkf4xy5HEFNoPwtOUbfOrW5nJnQT7M"
Content-Transfer-Encoding: 8bit
To: Contacto NovaCiencia <andypadrino23@gmail.com>
Subject: Prueba

--b1=_FAzB0bArjieJGlkf4xy5HEFNoPwtOUbfOrW5nJnQT7M
Content-Type: text/plain; charset=us-ascii

Nuevo mensaje
Nombre: Andres Padrino
Correo: andypadrino23@gmail.com
Asunto: Prueba
Mensaje: Hola dsa asd

--b1=_FAzB0bArjieJGlkf4xy5HEFNoPwtOUbfOrW5nJnQT7M
Content-Type: text/html; charset=us-ascii

<h2>Nuevo mensaje de contacto</h2><p><b>Nombre:</b> Andres Padrino</p><p><b>Correo:</b> andypadrino23@gmail.com</p><p><b>Asunto:</b> Prueba</p><p><b>Mensaje:</b><br>Hola dsa asd</p>


--b1=_FAzB0bArjieJGlkf4xy5HEFNoPwtOUbfOrW5nJnQT7M--


==== CONTACTO 2025-11-30 19:06:33 ====
Date: Sun, 30 Nov 2025 19:06:33 +0000
From: NovaCiencia <andypadrino23@gmail.com>
Message-ID: <ZtnOYZX3likeCqOnUB9MdgRoKQIeiolOr5dXvX14nc@127.0.0.1>
X-Mailer: PHPMailer 7.0.1 (https://github.com/PHPMailer/PHPMailer)
MIME-Version: 1.0
Content-Type: multipart/alternative;
 boundary="b1=_ZtnOYZX3likeCqOnUB9MdgRoKQIeiolOr5dXvX14nc"
Content-Transfer-Encoding: 8bit
To: Contacto NovaCiencia <andypadrino23@gmail.com>
Subject: Prueba

--b1=_ZtnOYZX3likeCqOnUB9MdgRoKQIeiolOr5dXvX14nc
Content-Type: text/plain; charset=us-ascii

Nuevo mensaje
Nombre: andres
Correo: andypadrino23@gmail.com
Asunto: Prueba
Mensaje: ghhhhhhhhhhhdghhhhhhhh

--b1=_ZtnOYZX3likeCqOnUB9MdgRoKQIeiolOr5dXvX14nc
Content-Type: text/html; charset=us-ascii

<h2>Nuevo mensaje de contacto</h2><p><b>Nombre:</b> andres</p><p><b>Correo:</b> andypadrino23@gmail.com</p><p><b>Asunto:</b> Prueba</p><p><b>Mensaje:</b><br>ghhhhhhhhhhhdghhhhhhhh</p>


--b1=_ZtnOYZX3likeCqOnUB9MdgRoKQIeiolOr5dXvX14nc--


